  VariablesDeJeu.cpp
  Vaisseaux.cpp
c:\users\blanc\desktop\faivre_blanche_code\faivre_blanche_code\projet_c\vaisseaux.cpp(93): warning C4018: '<' : incompatibilité signed/unsigned
  MyGraphicEngine.cpp
c:\users\blanc\desktop\faivre_blanche_code\faivre_blanche_code\projet_c\mygraphicengine.cpp(23): warning C4018: '<' : incompatibilité signed/unsigned
c:\users\blanc\desktop\faivre_blanche_code\faivre_blanche_code\projet_c\mygraphicengine.cpp(31): warning C4018: '<' : incompatibilité signed/unsigned
c:\users\blanc\desktop\faivre_blanche_code\faivre_blanche_code\projet_c\mygraphicengine.cpp(38): warning C4018: '<' : incompatibilité signed/unsigned
c:\users\blanc\desktop\faivre_blanche_code\faivre_blanche_code\projet_c\mygraphicengine.cpp(42): warning C4018: '<' : incompatibilité signed/unsigned
c:\users\blanc\desktop\faivre_blanche_code\faivre_blanche_code\projet_c\mygraphicengine.cpp(46): warning C4018: '<' : incompatibilité signed/unsigned
  MyGameEngine.cpp
c:\users\blanc\desktop\faivre_blanche_code\faivre_blanche_code\projet_c\mygameengine.cpp(4): warning C4018: '<' : incompatibilité signed/unsigned
c:\users\blanc\desktop\faivre_blanche_code\faivre_blanche_code\projet_c\mygameengine.cpp(7): warning C4018: '<' : incompatibilité signed/unsigned
c:\users\blanc\desktop\faivre_blanche_code\faivre_blanche_code\projet_c\mygameengine.cpp(10): warning C4018: '<' : incompatibilité signed/unsigned
  MyControlEngine.cpp
c:\users\blanc\desktop\faivre_blanche_code\faivre_blanche_code\projet_c\mycontrolengine.cpp(208): warning C4018: '<' : incompatibilité signed/unsigned
c:\users\blanc\desktop\faivre_blanche_code\faivre_blanche_code\projet_c\mycontrolengine.cpp(243): warning C4018: '<' : incompatibilité signed/unsigned
  Missile.cpp
c:\users\blanc\desktop\faivre_blanche_code\faivre_blanche_code\projet_c\missile.cpp(19): warning C4018: '<' : incompatibilité signed/unsigned
c:\users\blanc\desktop\faivre_blanche_code\faivre_blanche_code\projet_c\missile.cpp(23): warning C4018: '<' : incompatibilité signed/unsigned
  main.cpp
  Damier.cpp
c:\users\blanc\desktop\faivre_blanche_code\faivre_blanche_code\projet_c\damier.cpp(4): warning C4018: '<' : incompatibilité signed/unsigned
  CaseDamier.cpp
  Asteroide.cpp
c:\users\blanc\desktop\faivre_blanche_code\faivre_blanche_code\projet_c\asteroide.cpp(23): warning C4018: '<' : incompatibilité signed/unsigned
  Génération de code en cours...
libGraph.lib(ControlEngineBase.obj) : warning LNK4099: PDB 'TP3_Setup.pdb' n'a pu être trouvé avec 'libGraph.lib(ControlEngineBase.obj)' ou sur 'C:\Users\blanc\Desktop\faivre_blanche_code\faivre_blanche_code\Debug\TP3_Setup.pdb' ; l'objet sera lié sans informations de débogage
libGraph.lib(Engine.obj) : warning LNK4099: PDB 'TP3_Setup.pdb' n'a pu être trouvé avec 'libGraph.lib(Engine.obj)' ou sur 'C:\Users\blanc\Desktop\faivre_blanche_code\faivre_blanche_code\Debug\TP3_Setup.pdb' ; l'objet sera lié sans informations de débogage
libGraph.lib(GameEngineBase.obj) : warning LNK4099: PDB 'TP3_Setup.pdb' n'a pu être trouvé avec 'libGraph.lib(GameEngineBase.obj)' ou sur 'C:\Users\blanc\Desktop\faivre_blanche_code\faivre_blanche_code\Debug\TP3_Setup.pdb' ; l'objet sera lié sans informations de débogage
libGraph.lib(GraphicEngineBase.obj) : warning LNK4099: PDB 'TP3_Setup.pdb' n'a pu être trouvé avec 'libGraph.lib(GraphicEngineBase.obj)' ou sur 'C:\Users\blanc\Desktop\faivre_blanche_code\faivre_blanche_code\Debug\TP3_Setup.pdb' ; l'objet sera lié sans informations de débogage
libGraph.lib(GraphicPrimitives.obj) : warning LNK4099: PDB 'TP3_Setup.pdb' n'a pu être trouvé avec 'libGraph.lib(GraphicPrimitives.obj)' ou sur 'C:\Users\blanc\Desktop\faivre_blanche_code\faivre_blanche_code\Debug\TP3_Setup.pdb' ; l'objet sera lié sans informations de débogage
libGraph.lib(TextureManager.obj) : warning LNK4099: PDB 'TP3_Setup.pdb' n'a pu être trouvé avec 'libGraph.lib(TextureManager.obj)' ou sur 'C:\Users\blanc\Desktop\faivre_blanche_code\faivre_blanche_code\Debug\TP3_Setup.pdb' ; l'objet sera lié sans informations de débogage
  Projet_C.vcxproj -> C:\Users\blanc\Desktop\faivre_blanche_code\faivre_blanche_code\Debug\Projet_C.exe
